# JRE version: Java(TM) SE Runtime Environment (8.0_111-b14) (build 1.8.0_111-b14)
# Java VM: Java HotSpot(TM) 64-Bit Server VM (25.111-b14 mixed mode windows-amd64 compressed oops)
Heap:
 PSYoungGen      total 314880K, used 65756K [0x00000000d6f80000, 0x00000000edd80000, 0x0000000100000000)
  eden space 300544K, 17% used [0x00000000d6f80000,0x00000000da1b7a80,0x00000000e9500000)
  from space 14336K, 99% used [0x00000000ecf80000,0x00000000edd7f6e0,0x00000000edd80000)
  to   space 18944K, 0% used [0x00000000eb880000,0x00000000eb880000,0x00000000ecb00000)
 ParOldGen       total 74240K, used 26166K [0x0000000084e00000, 0x0000000089680000, 0x00000000d6f80000)
  object space 74240K, 35% used [0x0000000084e00000,0x000000008678d818,0x0000000089680000)
 Metaspace       used 53306K, capacity 56216K, committed 56448K, reserved 1099776K
  class space    used 7517K, capacity 8055K, committed 8064K, reserved 1048576K
GC Heap History (10 events):
Event: 18.560 GC heap before
{Heap before GC invocations=8 (full 1):
 PSYoungGen      total 135680K, used 126976K [0x00000000d6f80000, 0x00000000dfd80000, 0x0000000100000000)
  eden space 126976K, 100% used [0x00000000d6f80000,0x00000000deb80000,0x00000000deb80000)
  from space 8704K, 0% used [0x00000000df500000,0x00000000df500000,0x00000000dfd80000)
  to   space 9216K, 0% used [0x00000000deb80000,0x00000000deb80000,0x00000000df480000)
 ParOldGen       total 47104K, used 7206K [0x0000000084e00000, 0x0000000087c00000, 0x00000000d6f80000)
  object space 47104K, 15% used [0x0000000084e00000,0x0000000085509be8,0x0000000087c00000)
 Metaspace       used 25330K, capacity 26634K, committed 26880K, reserved 1073152K
  class space    used 3475K, capacity 3750K, committed 3840K, reserved 1048576K
Event: 18.576 GC heap after
Heap after GC invocations=8 (full 1):
 PSYoungGen      total 136192K, used 9215K [0x00000000d6f80000, 0x00000000e6b00000, 0x0000000100000000)
  eden space 126976K, 0% used [0x00000000d6f80000,0x00000000d6f80000,0x00000000deb80000)
  from space 9216K, 99% used [0x00000000deb80000,0x00000000df47fe68,0x00000000df480000)
  to   space 10752K, 0% used [0x00000000e6080000,0x00000000e6080000,0x00000000e6b00000)
 ParOldGen       total 47104K, used 8020K [0x0000000084e00000, 0x0000000087c00000, 0x00000000d6f80000)
  object space 47104K, 17% used [0x0000000084e00000,0x00000000855d5020,0x0000000087c00000)
 Metaspace       used 25330K, capacity 26634K, committed 26880K, reserved 1073152K
  class space    used 3475K, capacity 3750K, committed 3840K, reserved 1048576K
}
Event: 21.483 GC heap before
{Heap before GC invocations=9 (full 1):
 PSYoungGen      total 136192K, used 136191K [0x00000000d6f80000, 0x00000000e6b00000, 0x0000000100000000)
  eden space 126976K, 100% used [0x00000000d6f80000,0x00000000deb80000,0x00000000deb80000)
  from space 9216K, 99% used [0x00000000deb80000,0x00000000df47fe68,0x00000000df480000)
  to   space 10752K, 0% used [0x00000000e6080000,0x00000000e6080000,0x00000000e6b00000)
 ParOldGen       total 47104K, used 8020K [0x0000000084e00000, 0x0000000087c00000, 0x00000000d6f80000)
  object space 47104K, 17% used [0x0000000084e00000,0x00000000855d5020,0x0000000087c00000)
 Metaspace       used 30092K, capacity 31886K, committed 32128K, reserved 1077248K
  class space    used 4110K, capacity 4478K, committed 4480K, reserved 1048576K
Event: 21.512 GC heap after
Heap after GC invocations=9 (full 1):
 PSYoungGen      total 243200K, used 10732K [0x00000000d6f80000, 0x00000000e6b00000, 0x0000000100000000)
  eden space 232448K, 0% used [0x00000000d6f80000,0x00000000d6f80000,0x00000000e5280000)
  from space 10752K, 99% used [0x00000000e6080000,0x00000000e6afb2c8,0x00000000e6b00000)
  to   space 12288K, 0% used [0x00000000e5300000,0x00000000e5300000,0x00000000e5f00000)
 ParOldGen       total 47104K, used 8862K [0x0000000084e00000, 0x0000000087c00000, 0x00000000d6f80000)
  object space 47104K, 18% used [0x0000000084e00000,0x00000000856a7b68,0x0000000087c00000)
 Metaspace       used 30092K, capacity 31886K, committed 32128K, reserved 1077248K
  class space    used 4110K, capacity 4478K, committed 4480K, reserved 1048576K
}
Event: 23.091 GC heap before
{Heap before GC invocations=10 (full 1):
 PSYoungGen      total 243200K, used 40562K [0x00000000d6f80000, 0x00000000e6b00000, 0x0000000100000000)
  eden space 232448K, 12% used [0x00000000d6f80000,0x00000000d8ca1748,0x00000000e5280000)
  from space 10752K, 99% used [0x00000000e6080000,0x00000000e6afb2c8,0x00000000e6b00000)
  to   space 12288K, 0% used [0x00000000e5300000,0x00000000e5300000,0x00000000e5f00000)
 ParOldGen       total 47104K, used 8862K [0x0000000084e00000, 0x0000000087c00000, 0x00000000d6f80000)
  object space 47104K, 18% used [0x0000000084e00000,0x00000000856a7b68,0x0000000087c00000)
 Metaspace       used 33456K, capacity 35380K, committed 35416K, reserved 1079296K
  class space    used 4472K, capacity 4857K, committed 4864K, reserved 1048576K
Event: 23.122 GC heap after
Heap after GC invocations=10 (full 1):
 PSYoungGen      total 245248K, used 12284K [0x00000000d6f80000, 0x00000000edd80000, 0x0000000100000000)
  eden space 232960K, 0% used [0x00000000d6f80000,0x00000000d6f80000,0x00000000e5300000)
  from space 12288K, 99% used [0x00000000e5300000,0x00000000e5eff090,0x00000000e5f00000)
  to   space 14336K, 0% used [0x00000000ecf80000,0x00000000ecf80000,0x00000000edd80000)
 ParOldGen       total 47104K, used 9475K [0x0000000084e00000, 0x0000000087c00000, 0x00000000d6f80000)
  object space 47104K, 20% used [0x0000000084e00000,0x0000000085740e88,0x0000000087c00000)
 Metaspace       used 33456K, capacity 35380K, committed 35416K, reserved 1079296K
  class space    used 4472K, capacity 4857K, committed 4864K, reserved 1048576K
}
Event: 23.122 GC heap before
{Heap before GC invocations=11 (full 2):
 PSYoungGen      total 245248K, used 12284K [0x00000000d6f80000, 0x00000000edd80000, 0x0000000100000000)
  eden space 232960K, 0% used [0x00000000d6f80000,0x00000000d6f80000,0x00000000e5300000)
  from space 12288K, 99% used [0x00000000e5300000,0x00000000e5eff090,0x00000000e5f00000)
  to   space 14336K, 0% used [0x00000000ecf80000,0x00000000ecf80000,0x00000000edd80000)
 ParOldGen       total 47104K, used 9475K [0x0000000084e00000, 0x0000000087c00000, 0x00000000d6f80000)
  object space 47104K, 20% used [0x0000000084e00000,0x0000000085740e88,0x0000000087c00000)
 Metaspace       used 33456K, capacity 35380K, committed 35416K, reserved 1079296K
  class space    used 4472K, capacity 4857K, committed 4864K, reserved 1048576K
Event: 23.456 GC heap after
Heap after GC invocations=11 (full 2):
 PSYoungGen      total 245248K, used 0K [0x00000000d6f80000, 0x00000000edd80000, 0x0000000100000000)
  eden space 232960K, 0% used [0x00000000d6f80000,0x00000000d6f80000,0x00000000e5300000)
  from space 12288K, 0% used [0x00000000e5300000,0x00000000e5300000,0x00000000e5f00000)
  to   space 14336K, 0% used [0x00000000ecf80000,0x00000000ecf80000,0x00000000edd80000)
 ParOldGen       total 74240K, used 18379K [0x0000000084e00000, 0x0000000089680000, 0x00000000d6f80000)
  object space 74240K, 24% used [0x0000000084e00000,0x0000000085ff2c70,0x0000000089680000)
 Metaspace       used 33456K, capacity 35380K, committed 35416K, reserved 1079296K
  class space    used 4472K, capacity 4857K, committed 4864K, reserved 1048576K
}
Event: 35.940 GC heap before
{Heap before GC invocations=12 (full 2):
 PSYoungGen      total 245248K, used 232960K [0x00000000d6f80000, 0x00000000edd80000, 0x0000000100000000)
  eden space 232960K, 100% used [0x00000000d6f80000,0x00000000e5300000,0x00000000e5300000)
  from space 12288K, 0% used [0x00000000e5300000,0x00000000e5300000,0x00000000e5f00000)
  to   space 14336K, 0% used [0x00000000ecf80000,0x00000000ecf80000,0x00000000edd80000)
 ParOldGen       total 74240K, used 18379K [0x0000000084e00000, 0x0000000089680000, 0x00000000d6f80000)
  object space 74240K, 24% used [0x0000000084e00000,0x0000000085ff2c70,0x0000000089680000)
 Metaspace       used 52085K, capacity 54910K, committed 55040K, reserved 1095680K
  class space    used 7335K, capacity 7866K, committed 7936K, reserved 1048576K
Event: 35.987 GC heap after
Heap after GC invocations=12 (full 2):
 PSYoungGen      total 314880K, used 14333K [0x00000000d6f80000, 0x00000000edd80000, 0x0000000100000000)
  eden space 300544K, 0% used [0x00000000d6f80000,0x00000000d6f80000,0x00000000e9500000)
  from space 14336K, 99% used [0x00000000ecf80000,0x00000000edd7f6e0,0x00000000edd80000)
  to   space 18944K, 0% used [0x00000000eb880000,0x00000000eb880000,0x00000000ecb00000)
 ParOldGen       total 74240K, used 26166K [0x0000000084e00000, 0x0000000089680000, 0x00000000d6f80000)
  object space 74240K, 35% used [0x0000000084e00000,0x000000008678d818,0x0000000089680000)
 Metaspace       used 52085K, capacity 54910K, committed 55040K, reserved 1095680K
  class space    used 7335K, capacity 7866K, committed 7936K, reserved 1048576K
}

