# JRE version: OpenJDK Runtime Environment (11.0+28) (build 11+28)
# Java VM: OpenJDK 64-Bit Server VM (11+28, mixed mode, tiered, compressed oops, g1 gc, windows-amd64)
Heap:
 garbage-first heap   total 236544K, used 28224K [0x0000000741a00000, 0x0000000800000000)
  region size 1024K, 6 young (6144K), 6 survivors (6144K)
 Metaspace       used 58489K, capacity 59945K, committed 60028K, reserved 1101824K
  class space    used 7566K, capacity 8147K, committed 8192K, reserved 1048576K
GC Heap History (10 events):
Event: 9.791 GC heap after
{Heap after GC invocations=7 (full 0):
 garbage-first heap   total 196608K, used 14289K [0x0000000741a00000, 0x0000000800000000)
  region size 1024K, 7 young (7168K), 7 survivors (7168K)
 Metaspace       used 27848K, capacity 28749K, committed 29104K, reserved 1075200K
  class space    used 3396K, capacity 3732K, committed 3840K, reserved 1048576K
}
Event: 10.623 GC heap before
{Heap before GC invocations=7 (full 0):
 garbage-first heap   total 196608K, used 99281K [0x0000000741a00000, 0x0000000800000000)
  region size 1024K, 91 young (93184K), 7 survivors (7168K)
 Metaspace       used 29689K, capacity 30623K, committed 30896K, reserved 1077248K
  class space    used 3618K, capacity 3988K, committed 4096K, reserved 1048576K
}
Event: 10.635 GC heap after
{Heap after GC invocations=8 (full 0):
 garbage-first heap   total 196608K, used 15670K [0x0000000741a00000, 0x0000000800000000)
  region size 1024K, 8 young (8192K), 8 survivors (8192K)
 Metaspace       used 29689K, capacity 30623K, committed 30896K, reserved 1077248K
  class space    used 3618K, capacity 3988K, committed 4096K, reserved 1048576K
}
Event: 11.907 GC heap before
{Heap before GC invocations=8 (full 0):
 garbage-first heap   total 196608K, used 71990K [0x0000000741a00000, 0x0000000800000000)
  region size 1024K, 64 young (65536K), 8 survivors (8192K)
 Metaspace       used 34567K, capacity 35679K, committed 35888K, reserved 1081344K
  class space    used 4293K, capacity 4705K, committed 4736K, reserved 1048576K
}
Event: 11.932 GC heap after
{Heap after GC invocations=9 (full 0):
 garbage-first heap   total 196608K, used 18188K [0x0000000741a00000, 0x0000000800000000)
  region size 1024K, 10 young (10240K), 10 survivors (10240K)
 Metaspace       used 34567K, capacity 35679K, committed 35888K, reserved 1081344K
  class space    used 4293K, capacity 4705K, committed 4736K, reserved 1048576K
}
Event: 13.211 GC heap before
{Heap before GC invocations=10 (full 0):
 garbage-first heap   total 196608K, used 125708K [0x0000000741a00000, 0x0000000800000000)
  region size 1024K, 115 young (117760K), 10 survivors (10240K)
 Metaspace       used 41205K, capacity 42518K, committed 42672K, reserved 1087488K
  class space    used 5040K, capacity 5551K, committed 5632K, reserved 1048576K
}
Event: 13.232 GC heap after
{Heap after GC invocations=11 (full 0):
 garbage-first heap   total 196608K, used 22976K [0x0000000741a00000, 0x0000000800000000)
  region size 1024K, 13 young (13312K), 13 survivors (13312K)
 Metaspace       used 41205K, capacity 42518K, committed 42672K, reserved 1087488K
  class space    used 5040K, capacity 5551K, committed 5632K, reserved 1048576K
}
Event: 16.084 GC heap before
{Heap before GC invocations=11 (full 0):
 garbage-first heap   total 196608K, used 127424K [0x0000000741a00000, 0x0000000800000000)
  region size 1024K, 115 young (117760K), 13 survivors (13312K)
 Metaspace       used 57023K, capacity 58420K, committed 58544K, reserved 1099776K
  class space    used 7358K, capacity 7894K, committed 7936K, reserved 1048576K
}
Event: 16.106 GC heap after
{Heap after GC invocations=12 (full 0):
 garbage-first heap   total 196608K, used 27326K [0x0000000741a00000, 0x0000000800000000)
  region size 1024K, 12 young (12288K), 12 survivors (12288K)
 Metaspace       used 57023K, capacity 58420K, committed 58544K, reserved 1099776K
  class space    used 7358K, capacity 7894K, committed 7936K, reserved 1048576K
}
Event: 16.608 GC heap before
{Heap before GC invocations=12 (full 0):
 garbage-first heap   total 196608K, used 39614K [0x0000000741a00000, 0x0000000800000000)
  region size 1024K, 25 young (25600K), 12 survivors (12288K)
 Metaspace       used 58489K, capacity 59945K, committed 60028K, reserved 1101824K
  class space    used 7566K, capacity 8147K, committed 8192K, reserved 1048576K
}

